=====================
= Umbrel debug info =
=====================

Umbrel version
--------------
0.5.4

Memory usage
------------
               total        used        free      shared  buff/cache   available
Mem:            3.7G        1.8G        190M        2.0M        1.7G        1.6G
Swap:           3.7G         69M        3.6G

total: 49.5%
bitcoin: 15.8%
thunderhub: 9.9%
lightning: 9.8%
lndg: 9.1%
system: 4.9%

Memory monitor logs
-------------------
Memory monitor is already running
2023-12-08 22:35:10 Memory monitor running!
2023-12-10 17:36:47 Memory monitor running!
2023-12-10 19:10:57 Memory monitor running!
2023-12-11 00:59:35 Memory monitor running!
2023-12-11 14:25:51 Memory monitor running!
2023-12-12 15:23:10 Memory monitor running!
2023-12-15 10:13:02 Memory monitor running!
2023-12-17 20:09:38 Memory monitor running!
2023-12-18 22:18:42 Memory monitor running!

Filesystem information
----------------------
Filesystem      Size  Used Avail Use% Mounted on
/dev/sda2       915G  639G  230G  74% /
/dev/sda2       915G  639G  230G  74% /

Karen logs
----------

Got signal: backup
karen is getting triggered!
Deriving keys...
Creating backup...
Adding random padding...
1+0 records in
1+0 records out
5101 bytes (5.1 kB, 5.0 KiB) copied, 0.000150917 s, 33.8 MB/s
Creating encrypted tarball...
backup/
backup/channel.backup
backup/.padding
Uploading backup...
  % Total    % Received % Xferd  Average Speed   Time    Time     Time  Current
                                 Dload  Upload   Total   Spent    Left  Speed
  0     0    0     0    0     0      0      0 --:--:-- --:--:-- --:--:--     0  0     0    0     0    0     0      0      0 --:--:--  0:00:01 --:--:--     0  0     0    0     0    0     0      0      0 --:--:--  0:00:02 --:--:--     0  0     0    0     0    0     0      0      0 --:--:--  0:00:02 --:--:--     0  0     0    0     0    0     0      0      0 --:--:--  0:00:03 --:--:--     0100  5887  100   146  100  5741     29   1176  0:00:05  0:00:04  0:00:01  1206100  5887  100   146  100  5741     29   1176  0:00:05  0:00:04  0:00:01  1600
{"message":"Successfully uploaded backup 1702816580829.tar.gz.pgp for backup ID e3cc6acfb221ee212d68cf90fe5a7fa1588a63ac2b954350fb4c9d2f66b2450c"}
=============================
====== Backup success =======
=============================
Got signal: change-password
karen is getting triggered!
This script must only be run on Umbrel OS
Got signal: backup
karen is getting triggered!
Deriving keys...
Creating backup...
Adding random padding...
1+0 records in
1+0 records out
3254 bytes (3.3 kB, 3.2 KiB) copied, 0.000246035 s, 13.2 MB/s
Creating encrypted tarball...
backup/
backup/channel.backup
backup/.padding
Uploading backup...
  % Total    % Received % Xferd  Average Speed   Time    Time     Time  Current
                                 Dload  Upload   Total   Spent    Left  Speed
  0     0    0     0    0     0      0      0 --:--:-- --:--:-- --:--:--     0  0     0    0     0    0     0      0      0 --:--:--  0:00:01 --:--:--     0  0     0    0     0    0     0      0      0 --:--:--  0:00:02 --:--:--     0  0     0    0     0    0     0      0      0 --:--:--  0:00:02 --:--:--     0  0     0    0     0    0     0      0      0 --:--:--  0:00:03 --:--:--     0100  4050  100   146  100  3904     30    812  0:00:04  0:00:04 --:--:--   842100  4050  100   146  100  3904     30    812  0:00:04  0:00:04 --:--:--  1124
{"message":"Successfully uploaded backup 1702828306696.tar.gz.pgp for backup ID e3cc6acfb221ee212d68cf90fe5a7fa1588a63ac2b954350fb4c9d2f66b2450c"}
=============================
====== Backup success =======
=============================
karen is running in /home/umbrel/umbrel/events
karen is running in /home/umbrel/umbrel/events
Got signal: change-password
karen is getting triggered!
This script must only be run on Umbrel OS
Got signal: debug
karen is getting triggered!

Docker containers
-----------------
NAMES                    STATUS
bitcoin_server_1         Up 2 hours
bitcoin_app_proxy_1      Up 2 hours
bitcoin_i2pd_daemon_1    Up 2 hours
bitcoin_bitcoind_1       Up 2 hours
bitcoin_tor_1            Up 2 hours
lightning_lnd_1          Up 2 hours
lightning_app_1          Up 2 hours
lightning_app_proxy_1    Up 2 hours
lightning_tor_1          Up 2 hours
lndg_app_proxy_1         Up 2 hours
lndg_web_1               Up 2 hours
thunderhub_app_proxy_1   Up 2 hours
thunderhub_web_1         Up 2 hours
tor_proxy                Up 2 hours
manager                  Up 2 hours
auth                     Up 2 hours
dashboard                Up 2 hours
nginx                    Up 2 hours

Umbrel logs
-----------

Attaching to manager
manager      | ::ffff:10.21.0.5 - - [Tue, 19 Dec 2023 00:36:43 GMT] "GET /v1/account/token?token=8c07f787b9ceb24a034c4c8c863519a22baffce685641345ce638d344f544dd5 HTTP/1.1" 200 16 "-" "app-proxy/0.0.1"
manager      | 
manager      | umbrel-manager
manager      | ::ffff:10.21.0.5 - - [Tue, 19 Dec 2023 00:36:43 GMT] "GET /v1/account/token?token=8c07f787b9ceb24a034c4c8c863519a22baffce685641345ce638d344f544dd5 HTTP/1.1" 200 16 "-" "app-proxy/0.0.1"
manager      | 
manager      | umbrel-manager
manager      | ::ffff:10.21.21.2 - - [Tue, 19 Dec 2023 00:36:43 GMT] "GET /v1/system/debug-result HTTP/1.0" 304 - "-" "Mozilla/5.0 (Windows NT 10.0; Win64; x64) AppleWebKit/537.36 (KHTML, like Gecko) Chrome/120.0.0.0 Safari/537.36"
manager      | 
manager      | umbrel-manager
manager      | ::ffff:10.21.0.5 - - [Tue, 19 Dec 2023 00:36:43 GMT] "GET /v1/account/token?token=8c07f787b9ceb24a034c4c8c863519a22baffce685641345ce638d344f544dd5 HTTP/1.1" 200 16 "-" "app-proxy/0.0.1"
manager      | 
manager      | umbrel-manager
manager      | ::ffff:10.21.0.5 - - [Tue, 19 Dec 2023 00:36:43 GMT] "GET /v1/account/token?token=8c07f787b9ceb24a034c4c8c863519a22baffce685641345ce638d344f544dd5 HTTP/1.1" 200 16 "-" "app-proxy/0.0.1"
manager      | 
manager      | umbrel-manager
manager      | ::ffff:10.21.0.5 - - [Tue, 19 Dec 2023 00:36:43 GMT] "GET /v1/account/token?token=8c07f787b9ceb24a034c4c8c863519a22baffce685641345ce638d344f544dd5 HTTP/1.1" 200 16 "-" "app-proxy/0.0.1"
manager      | 
manager      | umbrel-manager
manager      | ::ffff:10.21.0.5 - - [Tue, 19 Dec 2023 00:36:44 GMT] "GET /v1/account/token?token=8c07f787b9ceb24a034c4c8c863519a22baffce685641345ce638d344f544dd5 HTTP/1.1" 200 16 "-" "app-proxy/0.0.1"
manager      | 
manager      | umbrel-manager
manager      | ::ffff:10.21.0.5 - - [Tue, 19 Dec 2023 00:36:44 GMT] "GET /v1/account/token?token=8c07f787b9ceb24a034c4c8c863519a22baffce685641345ce638d344f544dd5 HTTP/1.1" 200 16 "-" "app-proxy/0.0.1"
manager      | 
manager      | umbrel-manager
manager      | ::ffff:10.21.21.2 - - [Tue, 19 Dec 2023 00:36:44 GMT] "GET /v1/system/debug-result HTTP/1.0" 304 - "-" "Mozilla/5.0 (Windows NT 10.0; Win64; x64) AppleWebKit/537.36 (KHTML, like Gecko) Chrome/120.0.0.0 Safari/537.36"
manager      | 
manager      | umbrel-manager
manager      | ::ffff:10.21.0.5 - - [Tue, 19 Dec 2023 00:36:45 GMT] "GET /v1/account/token?token=8c07f787b9ceb24a034c4c8c863519a22baffce685641345ce638d344f544dd5 HTTP/1.1" 200 16 "-" "app-proxy/0.0.1"
manager      | 
manager      | umbrel-manager

Tor Proxy logs
--------

Attaching to tor_proxy
tor_proxy    | Dec 18 22:18:50.000 [notice] Bootstrapped 75% (enough_dirinfo): Loaded enough directory info to build circuits
tor_proxy    | Dec 18 22:18:51.000 [notice] Bootstrapped 80% (ap_conn): Connecting to a relay to build circuits
tor_proxy    | Dec 18 22:18:51.000 [notice] Bootstrapped 85% (ap_conn_done): Connected to a relay to build circuits
tor_proxy    | Dec 18 22:18:51.000 [notice] Bootstrapped 89% (ap_handshake): Finishing handshake with a relay to build circuits
tor_proxy    | Dec 18 22:18:51.000 [notice] Bootstrapped 90% (ap_handshake_done): Handshake finished with a relay to build circuits
tor_proxy    | Dec 18 22:18:51.000 [notice] Bootstrapped 95% (circuit_create): Establishing a Tor circuit
tor_proxy    | Dec 18 22:18:53.000 [notice] Bootstrapped 100% (done): Done
tor_proxy    | Dec 18 22:20:44.000 [notice] New control connection opened from 10.21.21.9.
tor_proxy    | Dec 18 22:53:52.000 [warn] Received http status code 404 ("Not found") from server 92.222.216.91:9001 while fetching "/tor/keys/fp/D586D18309DED4CD6D57C18FDB97EFA96D330566+EFCBE720AB3A82B99F9E953CD5BF50F7EEFC7B97".
tor_proxy    | Dec 18 23:56:53.000 [warn] Received http status code 404 ("Not found") from server 92.222.216.91:9001 while fetching "/tor/keys/fp/D586D18309DED4CD6D57C18FDB97EFA96D330566+EFCBE720AB3A82B99F9E953CD5BF50F7EEFC7B97".

App logs
--------

bitcoin

Attaching to bitcoin_server_1, bitcoin_app_proxy_1, bitcoin_i2pd_daemon_1, bitcoin_bitcoind_1, bitcoin_tor_1
app_proxy_1    | Validating token: 8c07f787b9ce ...
app_proxy_1    | Validating token: 8c07f787b9ce ...
app_proxy_1    | Validating token: 8c07f787b9ce ...
app_proxy_1    | Validating token: 8c07f787b9ce ...
app_proxy_1    | Validating token: 8c07f787b9ce ...
app_proxy_1    | Validating token: 8c07f787b9ce ...
app_proxy_1    | Validating token: 8c07f787b9ce ...
app_proxy_1    | Validating token: 8c07f787b9ce ...
app_proxy_1    | Validating token: 8c07f787b9ce ...
app_proxy_1    | Validating token: 8c07f787b9ce ...
bitcoind_1     | 2023-12-19T00:34:53Z New outbound peer connected: version: 70016, blocks=821855, peer=561 (outbound-full-relay)
bitcoind_1     | 2023-12-19T00:34:57Z New outbound peer connected: version: 70016, blocks=821855, peer=558 (outbound-full-relay)
bitcoind_1     | 2023-12-19T00:35:07Z New outbound peer connected: version: 70016, blocks=821855, peer=560 (outbound-full-relay)
bitcoind_1     | 2023-12-19T00:35:58Z New outbound peer connected: version: 70016, blocks=821855, peer=562 (outbound-full-relay)
bitcoind_1     | 2023-12-19T00:36:04Z New outbound peer connected: version: 70016, blocks=821855, peer=563 (outbound-full-relay)
bitcoind_1     | 2023-12-19T00:36:04Z New outbound peer connected: version: 70015, blocks=821855, peer=564 (outbound-full-relay)
bitcoind_1     | 2023-12-19T00:36:28Z New outbound peer connected: version: 70016, blocks=821856, peer=565 (outbound-full-relay)
bitcoind_1     | 2023-12-19T00:36:35Z New outbound peer connected: version: 70016, blocks=821856, peer=566 (outbound-full-relay)
bitcoind_1     | 2023-12-19T00:36:40Z New outbound peer connected: version: 70016, blocks=821856, peer=567 (outbound-full-relay)
bitcoind_1     | 2023-12-19T00:36:40Z New outbound peer connected: version: 70016, blocks=821856, peer=568 (outbound-full-relay)
server_1       | umbrel-middleware
server_1       | ::ffff:10.21.0.5 - - [Tue, 19 Dec 2023 00:36:47 GMT] "GET /v1/bitcoind/info/blocks?from=820392&to=820395 HTTP/1.1" 200 1023 "-" "Mozilla/5.0 (Windows NT 10.0; Win64; x64) AppleWebKit/537.36 (KHTML, like Gecko) Chrome/120.0.0.0 Safari/537.36"
server_1       | 
server_1       | umbrel-middleware
server_1       | ::ffff:10.21.0.5 - - [Tue, 19 Dec 2023 00:36:47 GMT] "GET /v1/bitcoind/info/sync HTTP/1.1" 304 - "-" "Mozilla/5.0 (Windows NT 10.0; Win64; x64) AppleWebKit/537.36 (KHTML, like Gecko) Chrome/120.0.0.0 Safari/537.36"
server_1       | 
server_1       | umbrel-middleware
server_1       | ::ffff:10.21.0.5 - - [Tue, 19 Dec 2023 00:36:47 GMT] "GET /v1/bitcoind/info/blocks?from=820252&to=820395 HTTP/1.1" 200 36622 "-" "Mozilla/5.0 (Windows NT 10.0; Win64; x64) AppleWebKit/537.36 (KHTML, like Gecko) Chrome/120.0.0.0 Safari/537.36"
server_1       | 
server_1       | umbrel-middleware
i2pd_daemon_1  | 00:34:13@346/error - SAM: Read error: End of file
i2pd_daemon_1  | 00:34:13@346/error - SAM: Read error: End of file
i2pd_daemon_1  | 00:34:13@346/error - SAM: Stream read error: Operation canceled
i2pd_daemon_1  | 00:34:31@346/error - SAM: Read error: End of file
i2pd_daemon_1  | 00:34:31@346/error - SAM: Read error: End of file
i2pd_daemon_1  | 00:34:31@346/error - SAM: Stream read error: Operation canceled
i2pd_daemon_1  | 00:35:10@346/error - Destination: Can't publish LeaseSet. Destination is not ready
i2pd_daemon_1  | 00:35:39@346/error - Garlic: Failed to decrypt message
i2pd_daemon_1  | 00:35:39@346/error - Garlic: Failed to decrypt message
i2pd_daemon_1  | 00:35:48@346/error - SAM: Destination to connect not found

lightning

Attaching to lightning_lnd_1, lightning_app_1, lightning_app_proxy_1, lightning_tor_1
app_proxy_1  | [HPM] Proxy created: /  -> http://10.21.22.3:3006
app_proxy_1  | Waiting for 10.21.22.3:3006 to open...
app_proxy_1  | Lightning Node is now ready...
app_proxy_1  | Listening on port: 2101
app_proxy_1  | yarn run v1.22.19
app_proxy_1  | $ node ./bin/www
app_proxy_1  | [HPM] Proxy created: /  -> http://10.21.22.3:3006
app_proxy_1  | Waiting for 10.21.22.3:3006 to open...
app_proxy_1  | Lightning Node is now ready...
app_proxy_1  | Listening on port: 2101
app_1        | Checking LND status...
app_1        | LND already unlocked!
app_1        | [backup-monitor] Checking channel backup...
app_1        | [backup-monitor] Sleeping...
app_1        | Checking LND status...
app_1        | LND already unlocked!
app_1        | Checking LND status...
app_1        | LND already unlocked!
app_1        | Checking LND status...
app_1        | LND already unlocked!
lnd_1        | 2023-12-18 22:20:44.416 [INF] SRVR: Onion services are accessible via Tor! NOTE: Traffic to clearnet services is not routed via Tor.
lnd_1        | 2023-12-18 22:20:44.416 [INF] TORC: Starting tor controller
lnd_1        | 2023-12-18 22:20:44.488 [INF] HSWC: Cleaning circuits from disk for closed channels
lnd_1        | 2023-12-18 22:20:44.488 [INF] HSWC: Finished cleaning: no closed channels found, no actions taken.
lnd_1        | 2023-12-18 22:20:44.489 [INF] HSWC: Restoring in-memory circuit state from disk
lnd_1        | 2023-12-18 22:20:44.521 [INF] HSWC: Payment circuits loaded: num_pending=0, num_open=0
lnd_1        | 2023-12-18 22:20:44.728 [INF] LTND: Channel backup proxy channel notifier starting
lnd_1        | 2023-12-18 22:20:44.729 [INF] ATPL: Instantiating autopilot with active=false, max_channels=5, allocation=0.600000, min_chan_size=20000, max_chan_size=16777215, private=false, min_confs=1, conf_target=3
lnd_1        | 2023-12-18 22:20:44.732 [INF] LTND: We're not running within systemd or the service type is not 'notify'
lnd_1        | 2023-12-18 22:20:44.734 [INF] LTND: Waiting for chain backend to finish sync, start_height=820395
tor_1        | Dec 18 22:18:42.000 [notice] Bootstrapped 50% (loading_descriptors): Loading relay descriptors
tor_1        | Dec 18 22:18:42.000 [notice] I learned some more directory information, but not enough to build a circuit: We're missing descriptors for 1/3 of our primary entry guards (total microdescriptors: 7506/8009). That's ok. We will try to fetch missing descriptors soon.
tor_1        | Dec 18 22:18:46.000 [notice] Bootstrapped 75% (enough_dirinfo): Loaded enough directory info to build circuits
tor_1        | Dec 18 22:18:47.000 [notice] Bootstrapped 80% (ap_conn): Connecting to a relay to build circuits
tor_1        | Dec 18 22:18:47.000 [notice] Bootstrapped 85% (ap_conn_done): Connected to a relay to build circuits
tor_1        | Dec 18 22:18:47.000 [notice] Bootstrapped 89% (ap_handshake): Finishing handshake with a relay to build circuits
tor_1        | Dec 18 22:18:47.000 [notice] Bootstrapped 90% (ap_handshake_done): Handshake finished with a relay to build circuits
tor_1        | Dec 18 22:18:47.000 [notice] Bootstrapped 95% (circuit_create): Establishing a Tor circuit
tor_1        | Dec 18 22:18:48.000 [notice] Bootstrapped 100% (done): Done
tor_1        | Dec 18 23:42:48.000 [notice] No circuits are opened. Relaxed timeout for circuit 145 (a Hidden service: Uploading HS descriptor 4-hop circuit in state doing handshakes with channel state open) to 60000ms. However, it appears the circuit has timed out anyway.

lndg

Attaching to lndg_app_proxy_1, lndg_web_1
app_proxy_1  | [HPM] Proxy created: /  -> http://10.21.21.75:8889
app_proxy_1  | Waiting for 10.21.21.75:8889 to open...
app_proxy_1  | LNDg is now ready...
app_proxy_1  | Listening on port: 8889
app_proxy_1  | yarn run v1.22.19
app_proxy_1  | $ node ./bin/www
app_proxy_1  | [HPM] Proxy created: /  -> http://10.21.21.75:8889
app_proxy_1  | Waiting for 10.21.21.75:8889 to open...
app_proxy_1  | LNDg is now ready...
app_proxy_1  | Listening on port: 8889
web_1        | /usr/local/lib/python3.11/site-packages/supervisor/options.py:474: UserWarning: Supervisord is running as root and it is searching for its configuration file in default locations (including its current working directory); you probably want to specify a "-c" argument specifying an absolute path to a configuration file for improved security.
web_1        |   self.warnings.warn(
web_1        | Performing system checks...
web_1        | 
web_1        | System check identified no issues (0 silenced).
web_1        | December 18, 2023 - 22:19:20
web_1        | Django version 4.2.2, using settings 'lndg.settings'
web_1        | Starting development server at http://0.0.0.0:8889/
web_1        | Quit the server with CONTROL-C.
web_1        | 

thunderhub

Attaching to thunderhub_app_proxy_1, thunderhub_web_1
app_proxy_1  | [HPM] Proxy created: /  -> http://thunderhub_web_1:3000
app_proxy_1  | Waiting for thunderhub_web_1:3000 to open...
app_proxy_1  | ThunderHub is now ready...
app_proxy_1  | Listening on port: 3000
app_proxy_1  | yarn run v1.22.19
app_proxy_1  | $ node ./bin/www
app_proxy_1  | [HPM] Proxy created: /  -> http://thunderhub_web_1:3000
app_proxy_1  | Waiting for thunderhub_web_1:3000 to open...
app_proxy_1  | ThunderHub is now ready...
app_proxy_1  | Listening on port: 3000
web_1        | {
web_1        |   message: 'UnableToConnectToAnyNode',
web_1        |   level: 'error',
web_1        |   timestamp: '2023-12-18T22:19:58.614Z'
web_1        | }
web_1        | {
web_1        |   level: 'error',
web_1        |   message: 'Initiating subscriptions failed: ',
web_1        |   timestamp: '2023-12-18T22:19:58.615Z'
web_1        | }
================
==== Result ====
================
==== END =====
